TN:
SF:script/Counter.s.sol
DA:7,0
FN:7,CounterScript.setUp
FNDA:0,CounterScript.setUp
DA:9,0
FN:9,CounterScript.run
FNDA:0,CounterScript.run
DA:10,0
FNF:2
FNH:0
LF:3
LH:0
BRF:0
BRH:0
end_of_record
TN:
SF:src/ConfidentialERC20.sol
DA:19,0
FN:19,ConfidentialERC20.constructor
FNDA:0,ConfidentialERC20.constructor
DA:35,0
BRDA:35,0,0,-
DA:36,0
DA:38,0
DA:40,0
DA:45,0
FN:45,ConfidentialERC20.symbol
FNDA:0,ConfidentialERC20.symbol
DA:46,0
DA:49,0
FN:49,ConfidentialERC20.updateSymbol
FNDA:0,ConfidentialERC20.updateSymbol
DA:50,0
DA:56,0
FN:56,ConfidentialERC20.erc20
FNDA:0,ConfidentialERC20.erc20
DA:57,0
DA:60,0
FN:60,ConfidentialERC20.encrypt
FNDA:0,ConfidentialERC20.encrypt
DA:61,0
DA:62,0
DA:65,0
FN:65,ConfidentialERC20.decrypt
FNDA:0,ConfidentialERC20.decrypt
DA:66,0
DA:67,0
FNF:6
FNH:0
LF:17
LH:0
BRF:1
BRH:0
end_of_record
TN:
SF:src/ConfidentialETH.sol
DA:13,0
FN:13,ConfidentialETH.constructor
FNDA:0,ConfidentialETH.constructor
DA:23,0
DA:28,0
FN:28,ConfidentialETH.encryptWETH
FNDA:0,ConfidentialETH.encryptWETH
DA:29,0
DA:30,0
DA:31,0
DA:34,0
FN:34,ConfidentialETH.encryptETH
FNDA:0,ConfidentialETH.encryptETH
DA:35,0
DA:38,0
FN:38,ConfidentialETH.decrypt
FNDA:0,ConfidentialETH.decrypt
DA:39,0
DA:41,0
DA:42,0
BRDA:42,0,0,-
FNF:4
FNH:0
LF:12
LH:0
BRF:1
BRH:0
end_of_record
TN:
SF:src/Counter.sol
DA:7,0
FN:7,Counter.setNumber
FNDA:0,Counter.setNumber
DA:8,0
DA:11,0
FN:11,Counter.increment
FNDA:0,Counter.increment
DA:12,0
FNF:2
FNH:0
LF:4
LH:0
BRF:0
BRH:0
end_of_record
TN:
SF:src/EncryptoCore.sol
DA:28,0
FN:28,EncryptoCore.updateStablecoin
FNDA:0,EncryptoCore.updateStablecoin
DA:32,0
DA:35,0
FN:35,EncryptoCore.getFherc20
FNDA:0,EncryptoCore.getFherc20
DA:36,0
DA:39,0
FN:39,EncryptoCore.getIsStablecoin
FNDA:0,EncryptoCore.getIsStablecoin
DA:40,0
DA:43,0
FN:43,EncryptoCore.updateFherc20Symbol
FNDA:0,EncryptoCore.updateFherc20Symbol
DA:47,0
DA:50,0
FN:50,EncryptoCore.deployFherc20
FNDA:0,EncryptoCore.deployFherc20
DA:51,0
DA:52,0
BRDA:52,0,0,-
DA:54,0
BRDA:54,1,0,-
DA:56,0
BRDA:56,2,0,-
DA:58,0
DA:59,0
FNF:5
FNH:0
LF:15
LH:0
BRF:3
BRH:0
end_of_record
TN:
SF:src/FHERC20.sol
DA:148,7
FN:148,FHERC20.constructor
FNDA:7,FHERC20.constructor
DA:153,7
DA:154,7
DA:155,7
DA:157,7
DA:163,1
FN:163,FHERC20.name
FNDA:1,FHERC20.name
DA:164,1
DA:171,23
FN:171,FHERC20.symbol
FNDA:23,FHERC20.symbol
DA:172,23
DA:188,23
FN:188,FHERC20.decimals
FNDA:23,FHERC20.decimals
DA:189,23
DA:195,4
FN:195,FHERC20.totalSupply
FNDA:4,FHERC20.totalSupply
DA:196,4
DA:208,1
FN:208,FHERC20.balanceOfIsIndicator
FNDA:1,FHERC20.balanceOfIsIndicator
DA:209,1
DA:215,19
FN:215,FHERC20.indicatorTick
FNDA:19,FHERC20.indicatorTick
DA:216,19
DA:229,22
FN:229,FHERC20.balanceOf
FNDA:22,FHERC20.balanceOf
DA:230,22
DA:237,22
FN:237,FHERC20.encBalanceOf
FNDA:22,FHERC20.encBalanceOf
DA:241,22
DA:244,0
FN:244,FHERC20.sealBalanceSelf
FNDA:0,FHERC20.sealBalanceSelf
DA:253,0
FN:253,FHERC20.sealedBalanceOf
FNDA:0,FHERC20.sealedBalanceOf
DA:263,1
FN:263,FHERC20.transfer
FNDA:1,FHERC20.transfer
DA:264,1
DA:277,2
FN:277,FHERC20.encTransfer
FNDA:2,FHERC20.encTransfer
DA:281,2
DA:282,2
DA:283,1
DA:292,1
FN:292,FHERC20.allowance
FNDA:1,FHERC20.allowance
DA:293,1
DA:302,1
FN:302,FHERC20.approve
FNDA:1,FHERC20.approve
DA:303,1
DA:310,1
FN:310,FHERC20.transferFrom
FNDA:1,FHERC20.transferFrom
DA:315,1
DA:337,12
FN:337,FHERC20.encTransferFrom
FNDA:12,FHERC20.encTransferFrom
DA:343,12
DA:344,1
BRDA:344,0,0,1
DA:346,11
DA:347,2
BRDA:347,1,0,2
DA:348,9
DA:349,1
BRDA:349,2,0,1
DA:350,8
DA:351,1
BRDA:351,3,0,1
DA:353,7
DA:364,7
DA:366,7
DA:367,7
BRDA:367,4,0,2
DA:368,2
DA:371,5
DA:372,4
DA:385,7
FN:385,FHERC20._transfer
FNDA:7,FHERC20._transfer
DA:386,7
BRDA:386,5,0,-
DA:387,0
DA:389,7
BRDA:389,6,0,2
DA:390,2
DA:392,5
DA:395,16
FN:395,FHERC20._incrementIndicator
FNDA:16,FHERC20._incrementIndicator
DA:398,16
DA:399,6
DA:400,0
DA:403,6
FN:403,FHERC20._decrementIndicator
FNDA:6,FHERC20._decrementIndicator
DA:404,6
DA:405,6
DA:406,0
DA:416,17
FN:416,FHERC20._update
FNDA:17,FHERC20._update
DA:417,17
BRDA:417,11,0,11
BRDA:417,11,1,6
DA:419,11
DA:421,6
DA:422,6
BRDA:422,12,0,-
DA:423,0
DA:427,6
DA:428,6
DA:434,17
BRDA:434,13,0,1
BRDA:434,13,1,16
DA:437,1
DA:442,16
DA:443,16
DA:449,17
DA:460,12
FN:460,FHERC20._mint
FNDA:12,FHERC20._mint
DA:461,12
BRDA:461,14,0,1
DA:462,1
DA:464,11
DA:475,2
FN:475,FHERC20._burn
FNDA:2,FHERC20._burn
DA:476,2
BRDA:476,15,0,1
DA:477,1
DA:479,1
DA:491,12
FN:491,FHERC20.nonces
FNDA:12,FHERC20.nonces
DA:492,12
DA:499,12
FN:499,FHERC20.DOMAIN_SEPARATOR
FNDA:12,FHERC20.DOMAIN_SEPARATOR
DA:500,12
FNF:25
FNH:23
LF:90
LH:84
BRF:14
BRH:12
end_of_record
TN:
SF:src/FHERC20wFHE.sol
DA:146,0
FN:146,FHERC20wFHE.constructor
FNDA:0,FHERC20wFHE.constructor
DA:151,0
DA:152,0
DA:153,0
DA:155,0
DA:161,0
FN:161,FHERC20wFHE.name
FNDA:0,FHERC20wFHE.name
DA:162,0
DA:169,0
FN:169,FHERC20wFHE.symbol
FNDA:0,FHERC20wFHE.symbol
DA:170,0
DA:186,0
FN:186,FHERC20wFHE.decimals
FNDA:0,FHERC20wFHE.decimals
DA:187,0
DA:193,0
FN:193,FHERC20wFHE.totalSupply
FNDA:0,FHERC20wFHE.totalSupply
DA:194,0
DA:206,0
FN:206,FHERC20wFHE.balanceOfIsIndicator
FNDA:0,FHERC20wFHE.balanceOfIsIndicator
DA:207,0
DA:220,0
FN:220,FHERC20wFHE.balanceOf
FNDA:0,FHERC20wFHE.balanceOf
DA:221,0
DA:228,0
FN:228,FHERC20wFHE.encBalanceOf
FNDA:0,FHERC20wFHE.encBalanceOf
DA:232,0
DA:235,0
FN:235,FHERC20wFHE.sealBalanceSelf
FNDA:0,FHERC20wFHE.sealBalanceSelf
DA:244,0
FN:244,FHERC20wFHE.sealedBalanceOf
FNDA:0,FHERC20wFHE.sealedBalanceOf
DA:254,0
FN:254,FHERC20wFHE.transfer
FNDA:0,FHERC20wFHE.transfer
DA:255,0
DA:268,0
FN:268,FHERC20wFHE.encTransfer
FNDA:0,FHERC20wFHE.encTransfer
DA:272,0
DA:273,0
DA:274,0
DA:283,0
FN:283,FHERC20wFHE.allowance
FNDA:0,FHERC20wFHE.allowance
DA:284,0
DA:293,0
FN:293,FHERC20wFHE.approve
FNDA:0,FHERC20wFHE.approve
DA:294,0
DA:301,0
FN:301,FHERC20wFHE.transferFrom
FNDA:0,FHERC20wFHE.transferFrom
DA:306,0
DA:328,0
FN:328,FHERC20wFHE.encTransferFrom
FNDA:0,FHERC20wFHE.encTransferFrom
DA:334,0
DA:335,0
BRDA:335,0,0,-
DA:336,0
DA:337,0
BRDA:337,1,0,-
DA:338,0
DA:339,0
BRDA:339,2,0,-
DA:341,0
DA:342,0
BRDA:342,3,0,-
DA:344,0
DA:355,0
DA:357,0
DA:358,0
BRDA:358,4,0,-
DA:359,0
DA:362,0
DA:363,0
DA:376,0
FN:376,FHERC20wFHE._transfer
FNDA:0,FHERC20wFHE._transfer
DA:377,0
BRDA:377,5,0,-
DA:378,0
DA:380,0
BRDA:380,6,0,-
DA:381,0
DA:383,0
DA:386,0
FN:386,FHERC20wFHE._incrementIndicator
FNDA:0,FHERC20wFHE._incrementIndicator
DA:389,0
DA:390,0
DA:391,0
DA:394,0
FN:394,FHERC20wFHE._decrementIndicator
FNDA:0,FHERC20wFHE._decrementIndicator
DA:395,0
DA:396,0
DA:397,0
DA:407,0
FN:407,FHERC20wFHE._update
FNDA:0,FHERC20wFHE._update
DA:408,0
BRDA:408,11,0,-
BRDA:408,11,1,-
DA:410,0
DA:412,0
DA:413,0
BRDA:413,12,0,-
DA:414,0
DA:418,0
DA:419,0
DA:425,0
BRDA:425,13,0,-
BRDA:425,13,1,-
DA:428,0
DA:433,0
DA:434,0
DA:440,0
DA:451,0
FN:451,FHERC20wFHE._mint
FNDA:0,FHERC20wFHE._mint
DA:452,0
BRDA:452,14,0,-
DA:453,0
DA:455,0
DA:466,0
FN:466,FHERC20wFHE._burn
FNDA:0,FHERC20wFHE._burn
DA:467,0
BRDA:467,15,0,-
DA:468,0
DA:470,0
DA:482,0
FN:482,FHERC20wFHE.nonces
FNDA:0,FHERC20wFHE.nonces
DA:483,0
DA:490,0
FN:490,FHERC20wFHE.DOMAIN_SEPARATOR
FNDA:0,FHERC20wFHE.DOMAIN_SEPARATOR
DA:491,0
FNF:24
FNH:0
LF:88
LH:0
BRF:14
BRH:0
end_of_record
TN:
SF:src/FUSD.sol
DA:13,0
FN:13,FUSD.constructor
FNDA:0,FUSD.constructor
DA:14,0
DA:17,0
FN:17,FUSD.mint
FNDA:0,FUSD.mint
DA:18,0
DA:19,0
BRDA:19,0,0,-
DA:21,0
DA:22,0
DA:25,0
FN:25,FUSD.redeem
FNDA:0,FUSD.redeem
DA:26,0
DA:27,0
BRDA:27,1,0,-
DA:29,0
DA:30,0
FNF:3
FNH:0
LF:12
LH:0
BRF:2
BRH:0
end_of_record
TN:
SF:test/FHERC20_Harness.sol
DA:15,12
FN:15,FHERC20_Harness.mint
FNDA:12,FHERC20_Harness.mint
DA:16,12
DA:19,2
FN:19,FHERC20_Harness.burn
FNDA:2,FHERC20_Harness.burn
DA:20,2
FNF:2
FNH:2
LF:4
LH:4
BRF:0
BRH:0
end_of_record
TN:
SF:test/SigUtils.sol
DA:21,12
FN:21,SigUtils.getStructHash
FNDA:12,SigUtils.getStructHash
DA:24,12
DA:25,12
DA:38,12
FN:38,SigUtils.getTypedDataHash
FNDA:12,SigUtils.getTypedDataHash
DA:42,12
DA:43,12
FNF:2
FNH:2
LF:6
LH:6
BRF:0
BRH:0
end_of_record
