TN:
SF:script/BaseERC20.sol
DA:11,0
FN:11,BaseERC20.constructor
FNDA:0,BaseERC20.constructor
DA:16,0
DA:19,0
FN:19,BaseERC20.decimals
FNDA:0,BaseERC20.decimals
DA:20,0
DA:23,0
FN:23,BaseERC20.mint
FNDA:0,BaseERC20.mint
DA:24,0
DA:27,0
FN:27,BaseERC20.burn
FNDA:0,BaseERC20.burn
DA:28,0
FNF:4
FNH:0
LF:8
LH:0
BRF:0
BRH:0
end_of_record
TN:
SF:script/ChainJsonUtils.sol
DA:18,0
FN:18,ChainJsonUtils.loadChain
FNDA:0,ChainJsonUtils.loadChain
DA:19,0
DA:20,0
DA:21,0
DA:27,0
DA:33,0
FN:33,ChainJsonUtils.contractPath
FNDA:0,ChainJsonUtils.contractPath
DA:36,0
DA:41,0
FN:41,ChainJsonUtils.readAddress
FNDA:0,ChainJsonUtils.readAddress
DA:42,0
BRDA:42,0,0,-
DA:43,0
DA:44,0
DA:46,0
FN:46,ChainJsonUtils.readUint
FNDA:0,ChainJsonUtils.readUint
DA:47,0
BRDA:47,1,0,-
DA:48,0
DA:49,0
DA:51,0
FN:51,ChainJsonUtils.readBool
FNDA:0,ChainJsonUtils.readBool
DA:52,0
BRDA:52,2,0,-
DA:53,0
DA:54,0
DA:56,0
FN:56,ChainJsonUtils.writeAddress
FNDA:0,ChainJsonUtils.writeAddress
DA:57,0
BRDA:57,3,0,-
DA:58,0
DA:60,0
FN:60,ChainJsonUtils.writeUint
FNDA:0,ChainJsonUtils.writeUint
DA:61,0
BRDA:61,4,0,-
DA:62,0
DA:64,0
FN:64,ChainJsonUtils.writeBool
FNDA:0,ChainJsonUtils.writeBool
DA:65,0
BRDA:65,5,0,-
DA:66,0
DA:68,0
FN:68,ChainJsonUtils.writeContractAddress
FNDA:0,ChainJsonUtils.writeContractAddress
DA:72,0
BRDA:72,6,0,-
DA:73,0
FNF:9
FNH:0
LF:31
LH:0
BRF:7
BRH:0
end_of_record
TN:
SF:script/Redacted.s.sol
DA:11,0
FN:11,Redacted.broadcast
FNDA:0,Redacted.broadcast
DA:13,0
DA:15,0
DA:18,0
FN:18,Redacted.deployConfidentialERC20
FNDA:0,Redacted.deployConfidentialERC20
DA:23,0
DA:24,0
DA:26,0
DA:27,0
FNF:2
FNH:0
LF:8
LH:0
BRF:0
BRH:0
end_of_record
TN:
SF:src/ConfidentialERC20.sol
DA:19,10
FN:19,ConfidentialERC20.constructor
FNDA:10,ConfidentialERC20.constructor
DA:35,10
DA:36,1
BRDA:36,0,0,1
DA:37,1
DA:39,0
DA:43,9
DA:45,9
DA:50,11
FN:50,ConfidentialERC20.symbol
FNDA:11,ConfidentialERC20.symbol
DA:51,11
DA:54,2
FN:54,ConfidentialERC20.updateSymbol
FNDA:2,ConfidentialERC20.updateSymbol
DA:55,2
DA:61,2
FN:61,ConfidentialERC20.erc20
FNDA:2,ConfidentialERC20.erc20
DA:62,2
DA:65,3
FN:65,ConfidentialERC20.encrypt
FNDA:3,ConfidentialERC20.encrypt
DA:66,3
DA:67,3
DA:70,1
FN:70,ConfidentialERC20.decrypt
FNDA:1,ConfidentialERC20.decrypt
DA:71,1
DA:72,1
FNF:6
FNH:6
LF:19
LH:18
BRF:1
BRH:1
end_of_record
TN:
SF:src/ConfidentialETH.sol
DA:13,4
FN:13,ConfidentialETH.constructor
FNDA:4,ConfidentialETH.constructor
DA:23,4
DA:28,0
FN:28,ConfidentialETH.encryptWETH
FNDA:0,ConfidentialETH.encryptWETH
DA:29,0
DA:30,0
DA:31,0
DA:34,0
FN:34,ConfidentialETH.encryptETH
FNDA:0,ConfidentialETH.encryptETH
DA:35,0
DA:38,0
FN:38,ConfidentialETH.decrypt
FNDA:0,ConfidentialETH.decrypt
DA:39,0
DA:41,0
DA:42,0
BRDA:42,0,0,-
FNF:4
FNH:1
LF:12
LH:2
BRF:1
BRH:0
end_of_record
TN:
SF:src/FHERC20.sol
DA:90,31
FN:90,FHERC20.constructor
FNDA:31,FHERC20.constructor
DA:95,31
DA:96,31
DA:97,31
DA:99,31
DA:105,3
FN:105,FHERC20.isFherc20
FNDA:3,FHERC20.isFherc20
DA:106,3
DA:112,4
FN:112,FHERC20.name
FNDA:4,FHERC20.name
DA:113,4
DA:120,23
FN:120,FHERC20.symbol
FNDA:23,FHERC20.symbol
DA:121,23
DA:137,32
FN:137,FHERC20.decimals
FNDA:32,FHERC20.decimals
DA:138,32
DA:144,8
FN:144,FHERC20.totalSupply
FNDA:8,FHERC20.totalSupply
DA:145,8
DA:157,1
FN:157,FHERC20.balanceOfIsIndicator
FNDA:1,FHERC20.balanceOfIsIndicator
DA:158,1
DA:164,25
FN:164,FHERC20.indicatorTick
FNDA:25,FHERC20.indicatorTick
DA:165,25
DA:178,28
FN:178,FHERC20.balanceOf
FNDA:28,FHERC20.balanceOf
DA:179,28
DA:187,28
FN:187,FHERC20.encBalanceOf
FNDA:28,FHERC20.encBalanceOf
DA:190,28
DA:197,1
FN:197,FHERC20.transfer
FNDA:1,FHERC20.transfer
DA:198,1
DA:210,2
FN:210,FHERC20.encTransfer
FNDA:2,FHERC20.encTransfer
DA:214,2
DA:215,2
DA:216,2
DA:217,1
DA:226,1
FN:226,FHERC20.allowance
FNDA:1,FHERC20.allowance
DA:227,1
DA:236,1
FN:236,FHERC20.approve
FNDA:1,FHERC20.approve
DA:237,1
DA:244,1
FN:244,FHERC20.transferFrom
FNDA:1,FHERC20.transferFrom
DA:249,1
DA:262,12
FN:262,FHERC20.encTransferFrom
FNDA:12,FHERC20.encTransferFrom
DA:268,12
DA:269,1
BRDA:269,0,0,1
DA:271,11
DA:272,2
BRDA:272,1,0,2
DA:273,9
DA:274,1
BRDA:274,2,0,1
DA:276,8
DA:277,1
BRDA:277,3,0,1
DA:282,7
DA:293,7
DA:295,7
DA:296,7
BRDA:296,4,0,2
DA:297,2
DA:300,5
DA:302,5
DA:303,4
DA:316,7
FN:316,FHERC20._transfer
FNDA:7,FHERC20._transfer
DA:317,7
BRDA:317,5,0,-
DA:318,0
DA:320,7
BRDA:320,6,0,2
DA:321,2
DA:323,5
DA:329,19
FN:329,FHERC20._incrementIndicator
FNDA:19,FHERC20._incrementIndicator
DA:332,19
DA:333,7
DA:334,0
DA:340,7
FN:340,FHERC20._decrementIndicator
FNDA:7,FHERC20._decrementIndicator
DA:341,7
DA:342,7
DA:343,0
DA:356,21
FN:356,FHERC20._update
FNDA:21,FHERC20._update
DA:368,21
BRDA:368,11,0,7
DA:369,7
DA:376,21
BRDA:376,12,0,14
BRDA:376,12,1,7
DA:377,14
DA:379,7
DA:380,7
DA:385,21
BRDA:385,13,0,2
BRDA:385,13,1,19
DA:386,2
DA:388,19
DA:389,19
DA:395,21
BRDA:395,14,0,7
DA:396,7
DA:397,7
DA:398,7
DA:400,21
BRDA:400,15,0,19
DA:401,19
DA:402,19
DA:403,19
DA:406,21
DA:407,21
DA:418,15
FN:418,FHERC20._mint
FNDA:15,FHERC20._mint
DA:419,15
BRDA:419,16,0,1
DA:420,1
DA:422,14
DA:433,3
FN:433,FHERC20._burn
FNDA:3,FHERC20._burn
DA:434,3
BRDA:434,17,0,1
DA:435,1
DA:437,2
DA:449,12
FN:449,FHERC20.nonces
FNDA:12,FHERC20.nonces
DA:452,12
DA:459,12
FN:459,FHERC20.DOMAIN_SEPARATOR
FNDA:12,FHERC20.DOMAIN_SEPARATOR
DA:460,12
FNF:24
FNH:24
LF:100
LH:97
BRF:16
BRH:15
end_of_record
TN:
SF:src/FHERC20Upgradeable.sol
DA:86,0
FN:86,FHERC20Upgradeable._getFHERC20Storage
FNDA:0,FHERC20Upgradeable._getFHERC20Storage
DA:92,0
DA:110,0
FN:110,FHERC20Upgradeable.__FHERC20_init
FNDA:0,FHERC20Upgradeable.__FHERC20_init
DA:115,0
DA:116,0
DA:117,0
DA:118,0
DA:119,0
DA:120,0
DA:123,0
FN:123,FHERC20Upgradeable.__FHERC20_init_unchained
FNDA:0,FHERC20Upgradeable.__FHERC20_init_unchained
DA:128,0
FN:128,FHERC20Upgradeable.isFherc20
FNDA:0,FHERC20Upgradeable.isFherc20
DA:129,0
DA:135,0
FN:135,FHERC20Upgradeable.name
FNDA:0,FHERC20Upgradeable.name
DA:136,0
DA:137,0
DA:144,0
FN:144,FHERC20Upgradeable.symbol
FNDA:0,FHERC20Upgradeable.symbol
DA:145,0
DA:146,0
DA:162,0
FN:162,FHERC20Upgradeable.decimals
FNDA:0,FHERC20Upgradeable.decimals
DA:163,0
DA:164,0
DA:170,0
FN:170,FHERC20Upgradeable.totalSupply
FNDA:0,FHERC20Upgradeable.totalSupply
DA:171,0
DA:172,0
DA:184,0
FN:184,FHERC20Upgradeable.balanceOfIsIndicator
FNDA:0,FHERC20Upgradeable.balanceOfIsIndicator
DA:185,0
DA:191,0
FN:191,FHERC20Upgradeable.indicatorTick
FNDA:0,FHERC20Upgradeable.indicatorTick
DA:192,0
DA:193,0
DA:199,0
FN:199,FHERC20Upgradeable.balanceOf
FNDA:0,FHERC20Upgradeable.balanceOf
DA:200,0
DA:201,0
DA:209,0
FN:209,FHERC20Upgradeable.encBalanceOf
FNDA:0,FHERC20Upgradeable.encBalanceOf
DA:212,0
DA:213,0
DA:220,0
FN:220,FHERC20Upgradeable.transfer
FNDA:0,FHERC20Upgradeable.transfer
DA:221,0
DA:233,0
FN:233,FHERC20Upgradeable.encTransfer
FNDA:0,FHERC20Upgradeable.encTransfer
DA:237,0
DA:238,0
DA:239,0
DA:240,0
DA:249,0
FN:249,FHERC20Upgradeable.allowance
FNDA:0,FHERC20Upgradeable.allowance
DA:250,0
DA:259,0
FN:259,FHERC20Upgradeable.approve
FNDA:0,FHERC20Upgradeable.approve
DA:260,0
DA:267,0
FN:267,FHERC20Upgradeable.transferFrom
FNDA:0,FHERC20Upgradeable.transferFrom
DA:272,0
DA:285,0
FN:285,FHERC20Upgradeable.encTransferFrom
FNDA:0,FHERC20Upgradeable.encTransferFrom
DA:291,0
DA:292,0
BRDA:292,0,0,-
DA:294,0
DA:295,0
BRDA:295,1,0,-
DA:296,0
DA:297,0
BRDA:297,2,0,-
DA:299,0
DA:300,0
BRDA:300,3,0,-
DA:305,0
DA:316,0
DA:318,0
DA:319,0
BRDA:319,4,0,-
DA:320,0
DA:323,0
DA:325,0
DA:326,0
DA:339,0
FN:339,FHERC20Upgradeable._transfer
FNDA:0,FHERC20Upgradeable._transfer
DA:340,0
BRDA:340,5,0,-
DA:341,0
DA:343,0
BRDA:343,6,0,-
DA:344,0
DA:346,0
DA:352,0
FN:352,FHERC20Upgradeable._incrementIndicator
FNDA:0,FHERC20Upgradeable._incrementIndicator
DA:355,0
DA:356,0
DA:357,0
DA:363,0
FN:363,FHERC20Upgradeable._decrementIndicator
FNDA:0,FHERC20Upgradeable._decrementIndicator
DA:364,0
DA:365,0
DA:366,0
DA:379,0
FN:379,FHERC20Upgradeable._update
FNDA:0,FHERC20Upgradeable._update
DA:385,0
DA:390,0
DA:396,0
BRDA:396,11,0,-
BRDA:396,11,1,-
DA:397,0
DA:399,0
DA:400,0
DA:405,0
BRDA:405,12,0,-
BRDA:405,12,1,-
DA:406,0
DA:408,0
DA:409,0
DA:415,0
DA:416,0
DA:417,0
DA:418,0
DA:420,0
DA:431,0
FN:431,FHERC20Upgradeable._mint
FNDA:0,FHERC20Upgradeable._mint
DA:432,0
BRDA:432,13,0,-
DA:433,0
DA:435,0
DA:446,0
FN:446,FHERC20Upgradeable._burn
FNDA:0,FHERC20Upgradeable._burn
DA:447,0
BRDA:447,14,0,-
DA:448,0
DA:450,0
DA:462,0
FN:462,FHERC20Upgradeable.nonces
FNDA:0,FHERC20Upgradeable.nonces
DA:465,0
DA:472,0
FN:472,FHERC20Upgradeable.DOMAIN_SEPARATOR
FNDA:0,FHERC20Upgradeable.DOMAIN_SEPARATOR
DA:473,0
FNF:26
FNH:0
LF:107
LH:0
BRF:13
BRH:0
end_of_record
TN:
SF:src/FUSD.sol
DA:13,0
FN:13,FUSD.__FUSD_init
FNDA:0,FUSD.__FUSD_init
DA:14,0
DA:15,0
DA:18,0
FN:18,FUSD.__FUSD_init_unchained
FNDA:0,FUSD.__FUSD_init_unchained
DA:20,0
FN:20,FUSD.mint
FNDA:0,FUSD.mint
DA:21,0
DA:22,0
BRDA:22,0,0,-
DA:24,0
DA:25,0
DA:28,0
FN:28,FUSD.redeem
FNDA:0,FUSD.redeem
DA:29,0
DA:30,0
BRDA:30,1,0,-
DA:32,0
DA:33,0
FNF:4
FNH:0
LF:14
LH:0
BRF:2
BRH:0
end_of_record
TN:
SF:src/RedactedCore.sol
DA:22,4
FN:22,RedactedCore.constructor
FNDA:4,RedactedCore.constructor
DA:23,4
DA:24,4
DA:33,3
FN:33,RedactedCore.updateStablecoin
FNDA:3,RedactedCore.updateStablecoin
DA:37,2
DA:40,1
FN:40,RedactedCore.getFherc20
FNDA:1,RedactedCore.getFherc20
DA:41,1
DA:44,2
FN:44,RedactedCore.getIsStablecoin
FNDA:2,RedactedCore.getIsStablecoin
DA:45,2
DA:48,1
FN:48,RedactedCore.getIsWETH
FNDA:1,RedactedCore.getIsWETH
DA:49,1
DA:52,2
FN:52,RedactedCore.updateFherc20Symbol
FNDA:2,RedactedCore.updateFherc20Symbol
DA:56,1
DA:59,5
FN:59,RedactedCore.deployFherc20
FNDA:5,RedactedCore.deployFherc20
DA:60,5
DA:61,1
BRDA:61,0,0,1
DA:63,1
BRDA:63,1,0,1
DA:64,3
BRDA:64,2,0,1
DA:66,2
DA:67,2
DA:69,2
FNF:7
FNH:7
LF:21
LH:21
BRF:3
BRH:3
end_of_record
TN:
SF:test/ERC20_Harness.sol
DA:12,15
FN:12,ERC20_Harness.constructor
FNDA:15,ERC20_Harness.constructor
DA:17,15
DA:20,14
FN:20,ERC20_Harness.decimals
FNDA:14,ERC20_Harness.decimals
DA:21,14
DA:24,2
FN:24,ERC20_Harness.mint
FNDA:2,ERC20_Harness.mint
DA:25,2
DA:28,0
FN:28,ERC20_Harness.burn
FNDA:0,ERC20_Harness.burn
DA:29,0
DA:36,0
FN:36,WETH_Harness.withdraw
FNDA:0,WETH_Harness.withdraw
DA:37,0
DA:38,0
DA:41,0
FN:41,WETH_Harness.deposit
FNDA:0,WETH_Harness.deposit
DA:42,0
FNF:6
FNH:3
LF:13
LH:6
BRF:0
BRH:0
end_of_record
TN:
SF:test/FHECounter.t.sol
DA:13,8
FN:13,ExampleFHECounter.setNumber
FNDA:8,ExampleFHECounter.setNumber
DA:14,8
DA:15,8
DA:18,1
FN:18,ExampleFHECounter.increment
FNDA:1,ExampleFHECounter.increment
DA:19,1
DA:20,1
DA:23,1
FN:23,ExampleFHECounter.add
FNDA:1,ExampleFHECounter.add
DA:24,1
DA:25,1
DA:28,1
FN:28,ExampleFHECounter.sub
FNDA:1,ExampleFHECounter.sub
DA:29,1
DA:30,1
DA:35,1
DA:36,1
DA:39,1
FN:39,ExampleFHECounter.mul
FNDA:1,ExampleFHECounter.mul
DA:40,1
DA:41,1
DA:44,1
FN:44,ExampleFHECounter.decrypt
FNDA:1,ExampleFHECounter.decrypt
DA:45,1
DA:48,1
FN:48,ExampleFHECounter.sealoutput
FNDA:1,ExampleFHECounter.sealoutput
DA:49,1
DA:52,1
FN:52,ExampleFHECounter.handleDecryptResult
FNDA:1,ExampleFHECounter.handleDecryptResult
DA:57,1
DA:60,1
FN:60,ExampleFHECounter.handleSealOutputResult
FNDA:1,ExampleFHECounter.handleSealOutputResult
DA:65,1
FNF:9
FNH:9
LF:25
LH:25
BRF:0
BRH:0
end_of_record
TN:
SF:test/FHERC20_Harness.sol
DA:15,12
FN:15,FHERC20_Harness.mint
FNDA:12,FHERC20_Harness.mint
DA:16,12
DA:19,2
FN:19,FHERC20_Harness.burn
FNDA:2,FHERC20_Harness.burn
DA:20,2
FNF:2
FNH:2
LF:4
LH:4
BRF:0
BRH:0
end_of_record
TN:
SF:test/SigUtils.sol
DA:21,12
FN:21,SigUtils.getStructHash
FNDA:12,SigUtils.getStructHash
DA:24,12
DA:25,12
DA:38,12
FN:38,SigUtils.getTypedDataHash
FNDA:12,SigUtils.getTypedDataHash
DA:42,12
DA:43,12
FNF:2
FNH:2
LF:6
LH:6
BRF:0
BRH:0
end_of_record
TN:
SF:test/TestSetup.sol
DA:33,0
FN:33,TestSetup.initUsers
FNDA:0,TestSetup.initUsers
DA:34,17
DA:35,17
DA:36,17
DA:37,17
DA:38,17
DA:39,17
DA:40,17
DA:45,0
FN:45,TestSetup.label
FNDA:0,TestSetup.label
DA:46,17
DA:47,17
DA:48,17
DA:50,17
DA:51,17
DA:52,17
DA:53,17
DA:55,17
DA:57,17
DA:69,17
FN:69,TestSetup.setUp
FNDA:17,TestSetup.setUp
DA:70,17
DA:72,17
DA:74,17
DA:76,17
DA:78,17
DA:83,0
FN:83,TestSetup.formatWithDecimals
FNDA:0,TestSetup.formatWithDecimals
DA:88,28
BRDA:88,0,0,-
BRDA:88,0,1,28
DA:91,28
DA:92,28
DA:95,28
DA:96,28
DA:99,28
DA:100,28
DA:101,28
DA:103,28
BRDA:103,1,0,-
DA:104,0
DA:105,0
DA:108,28
BRDA:108,2,0,28
BRDA:108,2,1,-
DA:110,28
DA:111,28
DA:112,28
DA:113,28
DA:114,28
DA:115,72
DA:117,28
DA:118,28
DA:124,0
DA:125,0
DA:127,0
DA:128,0
DA:131,0
DA:133,0
DA:134,0
DA:137,0
DA:138,0
DA:144,0
FN:144,TestSetup.formatIndicatedValue
FNDA:0,TestSetup.formatIndicatedValue
DA:148,28
DA:153,0
FN:153,TestSetup._expectERC20Transfer
FNDA:0,TestSetup._expectERC20Transfer
DA:159,3
DA:160,3
DA:162,0
FN:162,TestSetup._expectFHERC20Transfer
FNDA:0,TestSetup._expectFHERC20Transfer
DA:167,10
DA:168,10
DA:171,0
FN:171,TestSetup._ticksToIndicated
FNDA:0,TestSetup._ticksToIndicated
DA:175,14
DA:181,0
FN:181,TestSetup._prepExpectFHERC20BalancesChange
FNDA:0,TestSetup._prepExpectFHERC20BalancesChange
DA:185,14
DA:186,14
DA:187,14
DA:189,0
FN:189,TestSetup._expectFHERC20BalancesChange
FNDA:0,TestSetup._expectFHERC20BalancesChange
DA:195,14
DA:196,14
DA:199,14
DA:211,14
DA:212,14
DA:213,14
DA:216,14
DA:231,0
FN:231,TestSetup._prepExpectERC20BalancesChange
FNDA:0,TestSetup._prepExpectERC20BalancesChange
DA:235,3
DA:237,0
FN:237,TestSetup._expectERC20BalancesChange
FNDA:0,TestSetup._expectERC20BalancesChange
DA:242,3
DA:243,3
DA:245,3
DA:258,0
FN:258,TestSetup.generateTransferFromPermit
FNDA:0,TestSetup.generateTransferFromPermit
DA:267,12
DA:275,12
DA:280,12
DA:282,12
DA:293,0
FN:293,TestSetup.generateTransferFromPermit
FNDA:0,TestSetup.generateTransferFromPermit
DA:300,10
FNF:14
FNH:1
LF:89
LH:65
BRF:5
BRH:2
end_of_record
